
> gdg-solutions-challenge-2026@1.0.0 smoke:overall
> node scripts/smoke-overall.mjs

Smoke started at 2026-04-19T18:01:34.258Z
Trace ID: smoke-20260419-233134
[event-bus] /health -> 200 (134ms)
[event-bus] /metrics -> 200 (14ms)
[disruption] /health -> 200 (13ms)
[disruption] /metrics -> 200 (7ms)
[impact] /health -> 200 (10ms)
[impact] /metrics -> 200 (8ms)
[resolution] /health -> 200 (8ms)
[resolution] /metrics -> 200 (7ms)
[news-intel] /health -> 200 (7ms)
[news-intel] /metrics -> 200 (8ms)
Baseline counts: {"disruption-events":5,"impact-reports":7,"resolution-options":11,"news-alerts":0}
POST /events -> 201 (204ms)
Post counts: {"disruption-events":6,"impact-reports":8,"resolution-options":12,"news-alerts":0}
Count delta: {"disruption-events":1,"impact-reports":1,"resolution-options":1,"news-alerts":0}
GET /options/smoke-20260419-233134 -> 200 (141ms)
Running scraper smoke checks
$ npm run smoke:scraper
  > gdg-solutions-challenge-2026@1.0.0 smoke:scraper
  > node scripts/smoke-scraper.mjs
  [smoke-scraper] PASS: fetch/cache/rss helpers are working
  -> exit 0
$ node --test disruption/tests/*.smoke.test.js
  ✔ resolveVesselPosition prefers recent live AIS data (2.9443ms)
  ✔ resolveVesselPosition falls back to MarineTraffic then VesselFinder (79.7564ms)
  ✔ fetchEcmwfForecast computes risk and includes hourly slices (113.2254ms)
  ✔ fetchFlexportTracking maps scraper output (4.9101ms)
  ✔ syncFlexportShipments updates active shipments (1.9123ms)
  ✔ fetchVesselDetails parses public vessel metadata (55.4742ms)
  ✔ fetchVesselsInPort parses vessel table rows (16.0211ms)
  ✔ fetchVesselFromVesselFinder parses table and json-ld (75.3512ms)
  ℹ tests 8
  ℹ suites 0
  ℹ pass 8
  ℹ fail 0
  ℹ cancelled 0
  ℹ skipped 0
  ℹ todo 0
  ℹ duration_ms 2092.5277
  -> exit 0
Smoke log written: docs/smoketest/smoke-20260419-233134.log
Smoke summary written: docs/smoketest/smoke-20260419-233134.json
OVERALL_PASS=true
