Smoke run start: 2026-04-30T04:47:47.822Z
Scenario: pacific_storm


=== CMD-SYNC: node resolution/simulation/inject.js pacific_storm
[Inject] ✅ Event injected successfully
[Inject] Disruption ID: disruption-ddc79014-4df0-438b-9035-8b1b89548835
[Inject] TraceId: disruption-ddc79014-4df0-438b-9035-8b1b89548835
[Inject] Published to event bus: false

PROCESS EXIT CODE: 0

Parsed injection: disruptionId=disruption-ddc79014-4df0-438b-9035-8b1b89548835 traceId=disruption-ddc79014-4df0-438b-9035-8b1b89548835
Detected published:false from injector — attempting fallback publish to event-bus
Posting fallback publish to http://localhost:4000/publish with traceId=disruption-ddc79014-4df0-438b-9035-8b1b89548835
Fallback publish response: 200 OK {"ok":true,"topic":"disruption-events","traceId":"disruption-ddc79014-4df0-438b-9035-8b1b89548835"}


=== CMD-SYNC: node scripts/smoke-overall.mjs
Smoke started at 2026-04-30T04:47:53.458Z
Trace ID: smoke-20260430-101753
[event-bus] /health -> 200 (217ms)
[event-bus] /metrics -> 200 (10ms)
[disruption] /health -> 200 (9ms)
[disruption] /metrics -> 200 (10ms)
[impact] /health -> 200 (8ms)
[impact] /metrics -> 200 (10ms)
[resolution] /health -> 200 (13ms)
[resolution] /metrics -> 200 (10ms)
[news-intel] /health -> 200 (8ms)
[news-intel] /metrics -> 200 (14ms)
Baseline counts: {"disruption-events":5,"impact-reports":2,"resolution-options":2,"news-alerts":0}
POST /events -> 201 (186ms)
Post counts: {"disruption-events":5,"impact-reports":3,"resolution-options":3,"news-alerts":0}
Count delta: {"disruption-events":0,"impact-reports":1,"resolution-options":1,"news-alerts":0}
GET /options/smoke-20260430-101753 -> 404 (102ms)
Running scraper smoke checks
$ npm run smoke:scraper
  > opentrade@1.0.0 smoke:scraper
  > node scripts/smoke-scraper.mjs
  [smoke-scraper] PASS: fetch/cache/rss helpers are working
  -> exit 0
$ node --test disruption/tests/aisResolver.smoke.test.js disruption/tests/ecmwfScraper.smoke.test.js disruption/tests/flexportTracker.smoke.test.js disruption/tests/marineTrafficScraper.smoke.test.js disruption/tests/vesselFinderScraper.smoke.test.js
  ✔ resolveVesselPosition prefers recent live AIS data (3.058ms)
  ✔ resolveVesselPosition falls back to MarineTraffic then VesselFinder (137.1604ms)
  ✔ fetchEcmwfForecast computes risk and includes hourly slices (163.0275ms)
  ✔ fetchFlexportTracking maps scraper output (8.3929ms)
  ✔ syncFlexportShipments updates active shipments (2.8543ms)
  ✔ fetchVesselDetails parses public vessel metadata (95.2851ms)
  ✔ fetchVesselsInPort parses vessel table rows (6.551ms)
  ✔ fetchVesselFromVesselFinder parses table and json-ld (115.1959ms)
  ℹ tests 8
  ℹ suites 0
  ℹ pass 8
  ℹ fail 0
  ℹ cancelled 0
  ℹ skipped 0
  ℹ todo 0
  ℹ duration_ms 2950.0662
  -> exit 0
Smoke log written: docs/smoketest/smoke-20260430-101753.log
Smoke summary written: docs/smoketest/smoke-20260430-101753.json
OVERALL_PASS=false
(node:13084) [DEP0190] DeprecationWarning: Passing args to a child process with shell option true can lead to security vulnerabilities, as the arguments are not escaped, only concatenated.
(Use `node --trace-deprecation ...` to show where the warning was created)

PROCESS EXIT CODE: 1

Smoke overall script failed (non-fatal): Exit code 1


=== CMD-SYNC: node -e (async()=>{try{const r=await fetch('http://localhost:4000/health');console.log(await r.text())}catch(e){console.error(e.message);process.exit(2)}})()
[eval]:1
(async()=
         
Invalid assignment target

SyntaxError: Unexpected end of input
    at makeContextifyScript (node:internal/vm:194:14)
    at compileScript (node:internal/process/execution:388:10)
    at evalTypeScript (node:internal/process/execution:260:22)
    at node:internal/main/eval_string:71:3

Node.js v24.13.0

PROCESS EXIT CODE: 1


=== CMD-SYNC: node -e (async()=>{try{const r=await fetch('http://localhost:3001/health');console.log(await r.text())}catch(e){console.error(e.message);process.exit(2)}})()
[eval]:1
(async()=
         
Invalid assignment target

SyntaxError: Unexpected end of input
    at makeContextifyScript (node:internal/vm:194:14)
    at compileScript (node:internal/process/execution:388:10)
    at evalTypeScript (node:internal/process/execution:260:22)
    at node:internal/main/eval_string:71:3

Node.js v24.13.0

PROCESS EXIT CODE: 1


=== CMD-SYNC: node -e (async()=>{try{const r=await fetch('http://localhost:3002/health');console.log(await r.text())}catch(e){console.error(e.message);process.exit(2)}})()
[eval]:1
(async()=
         
Invalid assignment target

SyntaxError: Unexpected end of input
    at makeContextifyScript (node:internal/vm:194:14)
    at compileScript (node:internal/process/execution:388:10)
    at evalTypeScript (node:internal/process/execution:260:22)
    at node:internal/main/eval_string:71:3

Node.js v24.13.0

PROCESS EXIT CODE: 1


=== CMD-SYNC: node -e (async()=>{try{const r=await fetch('http://localhost:3003/health');console.log(await r.text())}catch(e){console.error(e.message);process.exit(2)}})()
[eval]:1
(async()=
         
Invalid assignment target

SyntaxError: Unexpected end of input
    at makeContextifyScript (node:internal/vm:194:14)
    at compileScript (node:internal/process/execution:388:10)
    at evalTypeScript (node:internal/process/execution:260:22)
    at node:internal/main/eval_string:71:3

Node.js v24.13.0

PROCESS EXIT CODE: 1


=== CMD-SYNC: node -e (async()=>{try{const r=await fetch('http://localhost:3005/health');console.log(await r.text())}catch(e){console.error(e.message);process.exit(2)}})()
[eval]:1
(async()=
         
Invalid assignment target

SyntaxError: Unexpected end of input
    at makeContextifyScript (node:internal/vm:194:14)
    at compileScript (node:internal/process/execution:388:10)
    at evalTypeScript (node:internal/process/execution:260:22)
    at node:internal/main/eval_string:71:3

Node.js v24.13.0

PROCESS EXIT CODE: 1


=== CMD-SYNC: node -e (async()=>{try{const r=await fetch('http://localhost:3000/health');console.log(await r.text())}catch(e){console.error(e.message);process.exit(2)}})()
[eval]:1
(async()=
         
Invalid assignment target

SyntaxError: Unexpected end of input
    at makeContextifyScript (node:internal/vm:194:14)
    at compileScript (node:internal/process/execution:388:10)
    at evalTypeScript (node:internal/process/execution:260:22)
    at node:internal/main/eval_string:71:3

Node.js v24.13.0

PROCESS EXIT CODE: 1

Smoke run finished: 2026-04-30T04:50:01.693Z

Supabase verification start:
disruptions: FOUND disruption-ddc79014-4df0-438b-9035-8b1b89548835
impact_reports: FOUND for trace=disruption-ddc79014-4df0-438b-9035-8b1b89548835
resolution_options: FOUND for resolution_id=disruption-ddc79014-4df0-438b-9035-8b1b89548835
Supabase verification result: true
