Smoke run start: 2026-04-30T04:42:25.680Z
Scenario: pacific_storm


=== CMD-SYNC: node resolution/simulation/inject.js pacific_storm
[Inject] ✅ Event injected successfully
[Inject] Disruption ID: disruption-4a00d576-51a0-4290-847e-f92133e25abc
[Inject] TraceId: disruption-4a00d576-51a0-4290-847e-f92133e25abc
[Inject] Published to event bus: false

PROCESS EXIT CODE: 0

Parsed injection: disruptionId=disruption-4a00d576-51a0-4290-847e-f92133e25abc traceId=disruption-4a00d576-51a0-4290-847e-f92133e25abc
Detected published:false from injector — attempting fallback publish to event-bus
Posting fallback publish to http://localhost:4000/publish with traceId=disruption-4a00d576-51a0-4290-847e-f92133e25abc
Fallback publish response: 200 OK {"ok":true,"topic":"disruption-events","traceId":"disruption-4a00d576-51a0-4290-847e-f92133e25abc"}


=== CMD-SYNC: node scripts/smoke-overall.mjs
Smoke started at 2026-04-30T04:42:29.071Z
Trace ID: smoke-20260430-101229
[event-bus] /health -> 200 (279ms)
[event-bus] /metrics -> 200 (10ms)
[disruption] /health -> 200 (12ms)
[disruption] /metrics -> 200 (7ms)
[impact] /health -> 200 (14ms)
[impact] /metrics -> 200 (17ms)
[resolution] /health -> 200 (17ms)
[resolution] /metrics -> 200 (8ms)
[news-intel] /health -> 200 (9ms)
[news-intel] /metrics -> 200 (17ms)
Baseline counts: {"disruption-events":3,"impact-reports":2,"resolution-options":2,"news-alerts":0}
POST /events -> 201 (175ms)
Post counts: {"disruption-events":3,"impact-reports":2,"resolution-options":2,"news-alerts":0}
Count delta: {"disruption-events":0,"impact-reports":0,"resolution-options":0,"news-alerts":0}
GET /options/smoke-20260430-101229 -> 404 (135ms)
Running scraper smoke checks
$ npm run smoke:scraper
  > opentrade@1.0.0 smoke:scraper
  > node scripts/smoke-scraper.mjs
  [smoke-scraper] PASS: fetch/cache/rss helpers are working
  -> exit 0
$ node --test disruption/tests/aisResolver.smoke.test.js disruption/tests/ecmwfScraper.smoke.test.js disruption/tests/flexportTracker.smoke.test.js disruption/tests/marineTrafficScraper.smoke.test.js disruption/tests/vesselFinderScraper.smoke.test.js
  ✔ resolveVesselPosition prefers recent live AIS data (5.7493ms)
  ✔ resolveVesselPosition falls back to MarineTraffic then VesselFinder (158.7259ms)
  ✔ fetchEcmwfForecast computes risk and includes hourly slices (167.3625ms)
  ✔ fetchFlexportTracking maps scraper output (4.2796ms)
  ✔ syncFlexportShipments updates active shipments (5.4115ms)
  ✔ fetchVesselDetails parses public vessel metadata (117.5679ms)
  ✔ fetchVesselsInPort parses vessel table rows (42.7084ms)
  ✔ fetchVesselFromVesselFinder parses table and json-ld (114.3219ms)
  ℹ tests 8
  ℹ suites 0
  ℹ pass 8
  ℹ fail 0
  ℹ cancelled 0
  ℹ skipped 0
  ℹ todo 0
  ℹ duration_ms 3000.3825
  -> exit 0
Smoke log written: docs/smoketest/smoke-20260430-101229.log
Smoke summary written: docs/smoketest/smoke-20260430-101229.json
OVERALL_PASS=false
(node:8640) [DEP0190] DeprecationWarning: Passing args to a child process with shell option true can lead to security vulnerabilities, as the arguments are not escaped, only concatenated.
(Use `node --trace-deprecation ...` to show where the warning was created)

PROCESS EXIT CODE: 1

Smoke overall script failed (non-fatal): Exit code 1


=== CMD-SYNC: node -e (async()=>{try{const r=await fetch('http://localhost:4000/health');console.log(await r.text())}catch(e){console.error(e.message);process.exit(2)}})()
[eval]:1
(async()=
         
Invalid assignment target

SyntaxError: Unexpected end of input
    at makeContextifyScript (node:internal/vm:194:14)
    at compileScript (node:internal/process/execution:388:10)
    at evalTypeScript (node:internal/process/execution:260:22)
    at node:internal/main/eval_string:71:3

Node.js v24.13.0

PROCESS EXIT CODE: 1


=== CMD-SYNC: node -e (async()=>{try{const r=await fetch('http://localhost:3001/health');console.log(await r.text())}catch(e){console.error(e.message);process.exit(2)}})()
[eval]:1
(async()=
         
Invalid assignment target

SyntaxError: Unexpected end of input
    at makeContextifyScript (node:internal/vm:194:14)
    at compileScript (node:internal/process/execution:388:10)
    at evalTypeScript (node:internal/process/execution:260:22)
    at node:internal/main/eval_string:71:3

Node.js v24.13.0

PROCESS EXIT CODE: 1


=== CMD-SYNC: node -e (async()=>{try{const r=await fetch('http://localhost:3002/health');console.log(await r.text())}catch(e){console.error(e.message);process.exit(2)}})()
[eval]:1
(async()=
         
Invalid assignment target

SyntaxError: Unexpected end of input
    at makeContextifyScript (node:internal/vm:194:14)
    at compileScript (node:internal/process/execution:388:10)
    at evalTypeScript (node:internal/process/execution:260:22)
    at node:internal/main/eval_string:71:3

Node.js v24.13.0

PROCESS EXIT CODE: 1


=== CMD-SYNC: node -e (async()=>{try{const r=await fetch('http://localhost:3003/health');console.log(await r.text())}catch(e){console.error(e.message);process.exit(2)}})()
[eval]:1
(async()=
         
Invalid assignment target

SyntaxError: Unexpected end of input
    at makeContextifyScript (node:internal/vm:194:14)
    at compileScript (node:internal/process/execution:388:10)
    at evalTypeScript (node:internal/process/execution:260:22)
    at node:internal/main/eval_string:71:3

Node.js v24.13.0

PROCESS EXIT CODE: 1


=== CMD-SYNC: node -e (async()=>{try{const r=await fetch('http://localhost:3005/health');console.log(await r.text())}catch(e){console.error(e.message);process.exit(2)}})()
[eval]:1
(async()=
         
Invalid assignment target

SyntaxError: Unexpected end of input
    at makeContextifyScript (node:internal/vm:194:14)
    at compileScript (node:internal/process/execution:388:10)
    at evalTypeScript (node:internal/process/execution:260:22)
    at node:internal/main/eval_string:71:3

Node.js v24.13.0

PROCESS EXIT CODE: 1


=== CMD-SYNC: node -e (async()=>{try{const r=await fetch('http://localhost:3000/health');console.log(await r.text())}catch(e){console.error(e.message);process.exit(2)}})()
[eval]:1
(async()=
         
Invalid assignment target

SyntaxError: Unexpected end of input
    at makeContextifyScript (node:internal/vm:194:14)
    at compileScript (node:internal/process/execution:388:10)
    at evalTypeScript (node:internal/process/execution:260:22)
    at node:internal/main/eval_string:71:3

Node.js v24.13.0

PROCESS EXIT CODE: 1

Smoke run finished: 2026-04-30T04:44:37.584Z

Supabase verification start:
disruptions: FOUND disruption-4a00d576-51a0-4290-847e-f92133e25abc
impact_reports: MISSING for trace=disruption-4a00d576-51a0-4290-847e-f92133e25abc
resolution_options: MISSING for resolution_id=disruption-4a00d576-51a0-4290-847e-f92133e25abc

Attempting fallback publish+poll for trace: disruption-4a00d576-51a0-4290-847e-f92133e25abc
Fallback publish posted for trace disruption-4a00d576-51a0-4290-847e-f92133e25abc, now polling Supabase up to 30s
Polling result for disruption-4a00d576-51a0-4290-847e-f92133e25abc: false
Supabase verification result: false
